<?xml version="1.0" encoding="UTF-8"?>
<!-- Generated by org.testng.reporters.JUnitXMLReporter -->
<testsuite ignored="0" hostname="DESKTOP-H79G770" failures="0" tests="4" name="Default test" time="77.897" errors="0" timestamp="2025-02-05T12:40:51 IST">
  <testcase classname="org.DemoTestNG.NewTestClass" name="do_fbLogin" time="1.798"/>
  <testcase classname="org.DemoTestNG.NewTestClass" name="do_fbLogin" time="1.185"/>
  <testcase classname="org.DemoTestNG.NewTestClass" name="do_fbLogin" time="0.896"/>
  <testcase classname="org.DemoTestNG.NewTestClass" name="do_fbLogin" time="0.786"/>
</testsuite> <!-- Default test -->
