<?xml version="1.0" encoding="UTF-8"?>
<!-- Generated by org.testng.reporters.JUnitReportReporter -->
<testsuite hostname="DESKTOP-H79G770" failures="0" tests="4" name="org.DemoTestNG.NewTestClass" time="74.287" errors="0" timestamp="2025-02-05T12:40:52 IST" skipped="0">
  <testcase classname="org.DemoTestNG.NewTestClass" name="do_fbLogin" time="11.179"/>
  <system-out/>
  <testcase classname="org.DemoTestNG.NewTestClass" name="do_fbLogin" time="12.500"/>
  <system-out/>
  <testcase classname="org.DemoTestNG.NewTestClass" name="do_fbLogin" time="40.952"/>
  <system-out/>
  <testcase classname="org.DemoTestNG.NewTestClass" name="do_fbLogin" time="9.656"/>
  <system-out/>
</testsuite> <!-- org.DemoTestNG.NewTestClass -->
