<?xml version="1.0" encoding="UTF-8"?>
<!-- Generated by org.testng.reporters.JUnitReportReporter -->
<testsuite hostname="DESKTOP-H79G770" failures="0" tests="3" name="org.DemoTestNG.Class_3" time="0.015" errors="0" timestamp="2025-01-22T12:46:56 IST" skipped="0">
  <testcase classname="org.DemoTestNG.Class_3" name="m5" time="0.005"/>
  <system-out/>
  <testcase classname="org.DemoTestNG.Class_3" name="m6" time="0.003"/>
  <system-out/>
  <testcase classname="org.DemoTestNG.Class_3" name="m7" time="0.007"/>
  <system-out/>
</testsuite> <!-- org.DemoTestNG.Class_3 -->
