<?xml version="1.0" encoding="UTF-8"?>
<!-- Generated by org.testng.reporters.JUnitReportReporter -->
<testsuite hostname="DESKTOP-H79G770" failures="0" tests="2" name="org.DemoTestNG.CrossBrowserDemo" time="0.790" errors="0" timestamp="2025-01-25T13:22:45 IST" skipped="0">
  <testcase classname="org.DemoTestNG.CrossBrowserDemo" name="gTitle" time="0.076"/>
  <system-out/>
  <testcase classname="org.DemoTestNG.CrossBrowserDemo" name="gTitle" time="0.714"/>
  <system-out/>
</testsuite> <!-- org.DemoTestNG.CrossBrowserDemo -->
