<?xml version="1.0" encoding="UTF-8"?>
<!-- Generated by org.testng.reporters.JUnitReportReporter -->
<testsuite hostname="DESKTOP-H79G770" failures="0" tests="3" name="org.testExtend.ExtendReportDemo" time="0.091" errors="0" timestamp="2025-01-25T11:55:39 IST" skipped="0">
  <testcase classname="org.testExtend.ExtendReportDemo" name="signIn" time="0.003"/>
  <system-out/>
  <testcase classname="org.testExtend.ExtendReportDemo" name="homePage" time="0.080"/>
  <system-out/>
  <testcase classname="org.testExtend.ExtendReportDemo" name="productPage" time="0.008"/>
  <system-out/>
</testsuite> <!-- org.testExtend.ExtendReportDemo -->
