<?xml version="1.0" encoding="UTF-8"?>
<!-- Generated by org.testng.reporters.JUnitReportReporter -->
<testsuite hostname="DESKTOP-H79G770" failures="0" tests="2" name="org.testLayer.LoginTestClass" time="81.515" errors="0" timestamp="2025-01-25T12:45:42 IST" skipped="0">
  <testcase classname="org.testLayer.LoginTestClass" name="checkForgotPwd" time="47.722"/>
  <system-out/>
  <testcase classname="org.testLayer.LoginTestClass" name="login" time="33.793"/>
  <system-out/>
</testsuite> <!-- org.testLayer.LoginTestClass -->
